<?xml version="1.0" encoding="UTF-8"?>
<!-- Generated by org.testng.reporters.JUnitReportReporter -->
<testsuite hostname="Santiago" failures="0" tests="1" name="reto.test.CalculatorTest" time="17.598" errors="0" timestamp="2024-02-21T11:17:28 CST" skipped="0">
  <testcase classname="reto.test.CalculatorTest" name="CalculoCuota1" time="17.598"/>
  <system-out/>
</testsuite> <!-- reto.test.CalculatorTest -->
