<?xml version="1.0" encoding="UTF-8"?>
<!-- Generated by org.testng.reporters.JUnitReportReporter -->
<testsuite hostname="Santiago" failures="0" tests="1" name="reto.test.CalculoTesting" time="18.110" errors="0" timestamp="2024-02-21T18:50:11 CST" skipped="0">
  <testcase classname="reto.test.CalculoTesting" name="CalculoCuota1" time="18.110"/>
  <system-out/>
</testsuite> <!-- reto.test.CalculoTesting -->
