<?xml version="1.0" encoding="UTF-8"?>
<!-- Generated by org.testng.reporters.JUnitReportReporter -->
<testsuite hostname="Santiago" failures="0" tests="1" name="reto.test.CalculoTesting" time="18.285" errors="0" timestamp="2024-02-22T23:15:08 CST" skipped="0">
  <testcase classname="reto.test.CalculoTesting" name="CalculoCuota1" time="18.285"/>
  <system-out/>
</testsuite> <!-- reto.test.CalculoTesting -->
